This file contains any messages produced by compilers while
running configure, to aid debugging if configure makes a mistake.

It was created by nonogram configure 0.9, which was
generated by GNU Autoconf 2.69.  Invocation command line was

  $ ./configure 

## --------- ##
## Platform. ##
## --------- ##

hostname = latedays.andrew.cmu.edu
uname -m = x86_64
uname -r = 2.6.32-431.11.2.el6.x86_64
uname -s = Linux
uname -v = #1 SMP Tue Mar 25 19:59:55 UTC 2014

/usr/bin/uname -p = unknown
/bin/uname -X     = unknown

/bin/arch              = x86_64
/usr/bin/arch -k       = unknown
/usr/convex/getsysinfo = unknown
/usr/bin/hostinfo      = unknown
/bin/machine           = unknown
/usr/bin/oslevel       = unknown
/bin/universe          = unknown

PATH: /opt/python/bin
PATH: /opt/opt-openmpi/1.8.5rc1/bin/
PATH: /opt/gcc/4.9.2/bin
PATH: /usr/lib64/qt-3.3/bin
PATH: /usr/local/bin
PATH: /bin
PATH: /usr/bin
PATH: /usr/local/sbin
PATH: /usr/sbin
PATH: /sbin
PATH: /opt/eclipse
PATH: /opt/ganglia/bin
PATH: /opt/ganglia/sbin
PATH: /usr/java/latest/bin
PATH: /opt/maven/bin
PATH: /opt/maui/bin
PATH: /opt/torque/bin
PATH: /opt/torque/sbin
PATH: /opt/pdsh/bin
PATH: /opt/rocks/bin
PATH: /opt/rocks/sbin
PATH: /home/marjorie/bin


## ----------- ##
## Core tests. ##
## ----------- ##

configure:1965: checking for gcc
configure:1981: found /opt/gcc/4.9.2/bin/gcc
configure:1992: result: gcc
configure:2221: checking for C compiler version
configure:2230: gcc --version >&5
gcc (GCC) 4.9.2
Copyright (C) 2014 Free Software Foundation, Inc.
This is free software; see the source for copying conditions.  There is NO
warranty; not even for MERCHANTABILITY or FITNESS FOR A PARTICULAR PURPOSE.

configure:2241: $? = 0
configure:2230: gcc -v >&5
Using built-in specs.
COLLECT_GCC=gcc
COLLECT_LTO_WRAPPER=/opt/gcc/4.9.2/libexec/gcc/x86_64-unknown-linux-gnu/4.9.2/lto-wrapper
Target: x86_64-unknown-linux-gnu
Configured with: ../gcc-4.9.2/configure --prefix=/opt/gcc/4.9.2 --disable-multilib
Thread model: posix
gcc version 4.9.2 (GCC) 
configure:2241: $? = 0
configure:2230: gcc -V >&5
gcc: error: unrecognized command line option '-V'
gcc: fatal error: no input files
compilation terminated.
configure:2241: $? = 1
configure:2230: gcc -qversion >&5
gcc: error: unrecognized command line option '-qversion'
gcc: fatal error: no input files
compilation terminated.
configure:2241: $? = 1
configure:2261: checking whether the C compiler works
configure:2283: gcc    conftest.c  >&5
configure:2287: $? = 0
configure:2335: result: yes
configure:2338: checking for C compiler default output file name
configure:2340: result: a.out
configure:2346: checking for suffix of executables
configure:2353: gcc -o conftest    conftest.c  >&5
configure:2357: $? = 0
configure:2379: result: 
configure:2401: checking whether we are cross compiling
configure:2409: gcc -o conftest    conftest.c  >&5
configure:2413: $? = 0
configure:2420: ./conftest
configure:2424: $? = 0
configure:2439: result: no
configure:2444: checking for suffix of object files
configure:2466: gcc -c   conftest.c >&5
configure:2470: $? = 0
configure:2491: result: o
configure:2495: checking whether we are using the GNU C compiler
configure:2514: gcc -c   conftest.c >&5
configure:2514: $? = 0
configure:2523: result: yes
configure:2532: checking whether gcc accepts -g
configure:2552: gcc -c -g  conftest.c >&5
configure:2552: $? = 0
configure:2593: result: yes
configure:2610: checking for gcc option to accept ISO C89
configure:2673: gcc  -c -g -O2  conftest.c >&5
configure:2673: $? = 0
configure:2686: result: none needed
configure:2706: checking for gcc option to accept ISO C99
configure:2855: gcc  -c -g -O2  conftest.c >&5
conftest.c:59:29: error: expected ';', ',' or ')' before 'text'
 test_restrict (ccp restrict text)
                             ^
conftest.c: In function 'main':
conftest.c:113:18: error: expected '=', ',', ';', 'asm' or '__attribute__' before 'newvar'
   char *restrict newvar = "Another string";
                  ^
conftest.c:113:18: error: 'newvar' undeclared (first use in this function)
conftest.c:113:18: note: each undeclared identifier is reported only once for each function it appears in
conftest.c:123:3: error: 'for' loop initial declarations are only allowed in C99 or C11 mode
   for (int i = 0; i < ia->datasize; ++i)
   ^
conftest.c:123:3: note: use option -std=c99, -std=gnu99, -std=c11 or -std=gnu11 to compile your code
configure:2855: $? = 1
configure: failed program was:
| /* confdefs.h */
| #define PACKAGE_NAME "nonogram"
| #define PACKAGE_TARNAME "nonogram"
| #define PACKAGE_VERSION "0.9"
| #define PACKAGE_STRING "nonogram 0.9"
| #define PACKAGE_BUGREPORT "jwilk@jwilk.net"
| #define PACKAGE_URL ""
| /* end confdefs.h.  */
| #include <stdarg.h>
| #include <stdbool.h>
| #include <stdlib.h>
| #include <wchar.h>
| #include <stdio.h>
| 
| // Check varargs macros.  These examples are taken from C99 6.10.3.5.
| #define debug(...) fprintf (stderr, __VA_ARGS__)
| #define showlist(...) puts (#__VA_ARGS__)
| #define report(test,...) ((test) ? puts (#test) : printf (__VA_ARGS__))
| static void
| test_varargs_macros (void)
| {
|   int x = 1234;
|   int y = 5678;
|   debug ("Flag");
|   debug ("X = %d\n", x);
|   showlist (The first, second, and third items.);
|   report (x>y, "x is %d but y is %d", x, y);
| }
| 
| // Check long long types.
| #define BIG64 18446744073709551615ull
| #define BIG32 4294967295ul
| #define BIG_OK (BIG64 / BIG32 == 4294967297ull && BIG64 % BIG32 == 0)
| #if !BIG_OK
|   your preprocessor is broken;
| #endif
| #if BIG_OK
| #else
|   your preprocessor is broken;
| #endif
| static long long int bignum = -9223372036854775807LL;
| static unsigned long long int ubignum = BIG64;
| 
| struct incomplete_array
| {
|   int datasize;
|   double data[];
| };
| 
| struct named_init {
|   int number;
|   const wchar_t *name;
|   double average;
| };
| 
| typedef const char *ccp;
| 
| static inline int
| test_restrict (ccp restrict text)
| {
|   // See if C++-style comments work.
|   // Iterate through items via the restricted pointer.
|   // Also check for declarations in for loops.
|   for (unsigned int i = 0; *(text+i) != '\0'; ++i)
|     continue;
|   return 0;
| }
| 
| // Check varargs and va_copy.
| static void
| test_varargs (const char *format, ...)
| {
|   va_list args;
|   va_start (args, format);
|   va_list args_copy;
|   va_copy (args_copy, args);
| 
|   const char *str;
|   int number;
|   float fnumber;
| 
|   while (*format)
|     {
|       switch (*format++)
| 	{
| 	case 's': // string
| 	  str = va_arg (args_copy, const char *);
| 	  break;
| 	case 'd': // int
| 	  number = va_arg (args_copy, int);
| 	  break;
| 	case 'f': // float
| 	  fnumber = va_arg (args_copy, double);
| 	  break;
| 	default:
| 	  break;
| 	}
|     }
|   va_end (args_copy);
|   va_end (args);
| }
| 
| int
| main ()
| {
| 
|   // Check bool.
|   _Bool success = false;
| 
|   // Check restrict.
|   if (test_restrict ("String literal") == 0)
|     success = true;
|   char *restrict newvar = "Another string";
| 
|   // Check varargs.
|   test_varargs ("s, d' f .", "string", 65, 34.234);
|   test_varargs_macros ();
| 
|   // Check flexible array members.
|   struct incomplete_array *ia =
|     malloc (sizeof (struct incomplete_array) + (sizeof (double) * 10));
|   ia->datasize = 10;
|   for (int i = 0; i < ia->datasize; ++i)
|     ia->data[i] = i * 1.234;
| 
|   // Check named initializers.
|   struct named_init ni = {
|     .number = 34,
|     .name = L"Test wide string",
|     .average = 543.34343,
|   };
| 
|   ni.number = 58;
| 
|   int dynamic_array[ni.number];
|   dynamic_array[ni.number - 1] = 543;
| 
|   // work around unused variable warnings
|   return (!success || bignum == 0LL || ubignum == 0uLL || newvar[0] == 'x'
| 	  || dynamic_array[ni.number - 1] != 543);
| 
|   ;
|   return 0;
| }
configure:2855: gcc -std=gnu99 -c -g -O2  conftest.c >&5
configure:2855: $? = 0
configure:2875: result: -std=gnu99
configure:2888: checking how to run the C preprocessor
configure:2919: gcc -std=gnu99 -E  conftest.c
configure:2919: $? = 0
configure:2933: gcc -std=gnu99 -E  conftest.c
conftest.c:9:28: fatal error: ac_nonexistent.h: No such file or directory
 #include <ac_nonexistent.h>
                            ^
compilation terminated.
configure:2933: $? = 1
configure: failed program was:
| /* confdefs.h */
| #define PACKAGE_NAME "nonogram"
| #define PACKAGE_TARNAME "nonogram"
| #define PACKAGE_VERSION "0.9"
| #define PACKAGE_STRING "nonogram 0.9"
| #define PACKAGE_BUGREPORT "jwilk@jwilk.net"
| #define PACKAGE_URL ""
| /* end confdefs.h.  */
| #include <ac_nonexistent.h>
configure:2958: result: gcc -std=gnu99 -E
configure:2978: gcc -std=gnu99 -E  conftest.c
configure:2978: $? = 0
configure:2992: gcc -std=gnu99 -E  conftest.c
conftest.c:9:28: fatal error: ac_nonexistent.h: No such file or directory
 #include <ac_nonexistent.h>
                            ^
compilation terminated.
configure:2992: $? = 1
configure: failed program was:
| /* confdefs.h */
| #define PACKAGE_NAME "nonogram"
| #define PACKAGE_TARNAME "nonogram"
| #define PACKAGE_VERSION "0.9"
| #define PACKAGE_STRING "nonogram 0.9"
| #define PACKAGE_BUGREPORT "jwilk@jwilk.net"
| #define PACKAGE_URL ""
| /* end confdefs.h.  */
| #include <ac_nonexistent.h>
configure:3027: checking CFLAGS for maximum warnings
configure:3047: gcc -std=gnu99 -c -g -O2 -warn all  -warn all  conftest.c >&5
gcc: error: all: No such file or directory
gcc: error: all: No such file or directory
gcc: error: unrecognized command line option '-warn'
gcc: error: unrecognized command line option '-warn'
configure:3047: $? = 1
configure: failed program was:
| /* confdefs.h */
| #define PACKAGE_NAME "nonogram"
| #define PACKAGE_TARNAME "nonogram"
| #define PACKAGE_VERSION "0.9"
| #define PACKAGE_STRING "nonogram 0.9"
| #define PACKAGE_BUGREPORT "jwilk@jwilk.net"
| #define PACKAGE_URL ""
| /* end confdefs.h.  */
| 
| int
| main ()
| {
| 
|   ;
|   return 0;
| }
configure:3047: gcc -std=gnu99 -c -g -O2 -pedantic  -Wall  conftest.c >&5
configure:3047: $? = 0
configure:3055: result: -Wall
configure:3072: : CFLAGS="$CFLAGS $ac_cv_cflags_warn_all"
configure:3075: $? = 0
configure:3099: checking for sigaction
configure:3099: gcc -std=gnu99 -o conftest -g -O2 -Wall   conftest.c  >&5
configure:3099: $? = 0
configure:3099: result: yes
configure:3172: checking for pkg-config
configure:3190: found /usr/bin/pkg-config
configure:3202: result: /usr/bin/pkg-config
configure:3227: checking pkg-config is at least version 0.9.0
configure:3230: result: yes
configure:3240: checking for NCURSES
configure:3247: $PKG_CONFIG --exists --print-errors "ncurses"
configure:3250: $? = 0
configure:3264: $PKG_CONFIG --exists --print-errors "ncurses"
configure:3267: $? = 0
configure:3307: result: yes
configure:3311: checking for ncurses.h
configure:3318: gcc -std=gnu99 -E  conftest.c
configure:3318: $? = 0
configure:3320: result: yes
configure:3472: creating ./config.status

## ---------------------- ##
## Running config.status. ##
## ---------------------- ##

This file was extended by nonogram config.status 0.9, which was
generated by GNU Autoconf 2.69.  Invocation command line was

  CONFIG_FILES    = 
  CONFIG_HEADERS  = 
  CONFIG_LINKS    = 
  CONFIG_COMMANDS = 
  $ ./config.status 

on latedays.andrew.cmu.edu

config.status:794: creating Makefile
config.status:794: creating autoconfig.h

## ---------------- ##
## Cache variables. ##
## ---------------- ##

ac_cv_c_compiler_gnu=yes
ac_cv_cflags_warn_all=-Wall
ac_cv_env_CC_set=
ac_cv_env_CC_value=
ac_cv_env_CFLAGS_set=
ac_cv_env_CFLAGS_value=
ac_cv_env_CPPFLAGS_set=
ac_cv_env_CPPFLAGS_value=
ac_cv_env_CPP_set=
ac_cv_env_CPP_value=
ac_cv_env_LDFLAGS_set=
ac_cv_env_LDFLAGS_value=
ac_cv_env_LIBS_set=
ac_cv_env_LIBS_value=
ac_cv_env_NCURSES_CFLAGS_set=
ac_cv_env_NCURSES_CFLAGS_value=
ac_cv_env_NCURSES_LIBS_set=
ac_cv_env_NCURSES_LIBS_value=
ac_cv_env_PKG_CONFIG_LIBDIR_set=
ac_cv_env_PKG_CONFIG_LIBDIR_value=
ac_cv_env_PKG_CONFIG_PATH_set=
ac_cv_env_PKG_CONFIG_PATH_value=
ac_cv_env_PKG_CONFIG_set=
ac_cv_env_PKG_CONFIG_value=
ac_cv_env_build_alias_set=
ac_cv_env_build_alias_value=
ac_cv_env_host_alias_set=
ac_cv_env_host_alias_value=
ac_cv_env_target_alias_set=
ac_cv_env_target_alias_value=
ac_cv_func_sigaction=yes
ac_cv_objext=o
ac_cv_path_ac_pt_PKG_CONFIG=/usr/bin/pkg-config
ac_cv_prog_CPP='gcc -std=gnu99 -E'
ac_cv_prog_ac_ct_CC=gcc
ac_cv_prog_cc_c89=
ac_cv_prog_cc_c99=-std=gnu99
ac_cv_prog_cc_g=yes
pkg_cv_NCURSES_CFLAGS=' '
pkg_cv_NCURSES_LIBS='-lncurses  '

## ----------------- ##
## Output variables. ##
## ----------------- ##

CC='gcc -std=gnu99'
CFLAGS='-g -O2 -Wall'
CPP='gcc -std=gnu99 -E'
CPPFLAGS=''
DEFS='-DHAVE_CONFIG_H'
ECHO_C=''
ECHO_N='-n'
ECHO_T=''
EXEEXT=''
LDFLAGS=''
LIBOBJS=''
LIBS=''
LTLIBOBJS=''
NCURSES_CFLAGS=' '
NCURSES_LIBS='-lncurses  '
OBJEXT='o'
PACKAGE_BUGREPORT='jwilk@jwilk.net'
PACKAGE_NAME='nonogram'
PACKAGE_STRING='nonogram 0.9'
PACKAGE_TARNAME='nonogram'
PACKAGE_URL=''
PACKAGE_VERSION='0.9'
PATH_SEPARATOR=':'
PKG_CONFIG='/usr/bin/pkg-config'
PKG_CONFIG_LIBDIR=''
PKG_CONFIG_PATH=''
SHELL='/bin/sh'
ac_ct_CC='gcc'
bindir='${exec_prefix}/bin'
build_alias=''
datadir='${datarootdir}'
datarootdir='${prefix}/share'
docdir='${datarootdir}/doc/${PACKAGE_TARNAME}'
dvidir='${docdir}'
exec_prefix='${prefix}'
host_alias=''
htmldir='${docdir}'
includedir='${prefix}/include'
infodir='${datarootdir}/info'
libdir='${exec_prefix}/lib'
libexecdir='${exec_prefix}/libexec'
localedir='${datarootdir}/locale'
localstatedir='${prefix}/var'
mandir='${datarootdir}/man'
oldincludedir='/usr/include'
pdfdir='${docdir}'
prefix='/usr/local'
program_transform_name='s,x,x,'
psdir='${docdir}'
sbindir='${exec_prefix}/sbin'
sharedstatedir='${prefix}/com'
sysconfdir='${prefix}/etc'
target_alias=''

## ----------- ##
## confdefs.h. ##
## ----------- ##

/* confdefs.h */
#define PACKAGE_NAME "nonogram"
#define PACKAGE_TARNAME "nonogram"
#define PACKAGE_VERSION "0.9"
#define PACKAGE_STRING "nonogram 0.9"
#define PACKAGE_BUGREPORT "jwilk@jwilk.net"
#define PACKAGE_URL ""
#define _ISOC99_SOURCE 1
#define HAVE_SIGACTION 1
#define HAVE_NCURSES 1
#define ENABLE_DEBUG 0

configure: exit 0
